<?xml version="1.0" encoding="UTF-8"?>
<testsuite name="LRUCacheTest" tests="4" skipped="0" failures="0" errors="0" timestamp="2020-09-27T14:26:34" hostname="BenzoSpot.local" time="0.007">
  <properties/>
  <testcase name="changePriorityTest" classname="LRUCacheTest" time="0.006"/>
  <testcase name="putGetSimpleTest" classname="LRUCacheTest" time="0.0"/>
  <testcase name="negateSizeTest" classname="LRUCacheTest" time="0.001"/>
  <testcase name="updateValueTest" classname="LRUCacheTest" time="0.0"/>
  <system-out><![CDATA[]]></system-out>
  <system-err><![CDATA[]]></system-err>
</testsuite>
